[14:57:14] [ServerMain/INFO]: Building unoptimized datafixer
[14:57:15] [ServerMain/INFO]: Environment: authHost='https://authserver.mojang.com', accountsHost='https://api.mojang.com', sessionHost='https://sessionserver.mojang.com', servicesHost='https://api.minecraftservices.com', name='PROD'
[14:57:16] [ServerMain/INFO]: Loaded 7 recipes
[14:57:16] [ServerMain/INFO]: Loaded 1179 advancements
[14:57:18] [Server thread/INFO]: Starting minecraft server version 1.19.2
[14:57:18] [Server thread/INFO]: Loading properties
[14:57:18] [Server thread/INFO]: Default game type: SURVIVAL
[14:57:18] [Server thread/INFO]: Generating keypair
[14:57:18] [Server console handler/ERROR]: Exception handling console input
java.io.IOException: Das Handle ist ungültig
	at java.io.FileInputStream.readBytes(Native Method) ~[?:?]
	at java.io.FileInputStream.read(FileInputStream.java:293) ~[?:?]
	at java.io.BufferedInputStream.read1(BufferedInputStream.java:308) ~[?:?]
	at java.io.BufferedInputStream.implRead(BufferedInputStream.java:382) ~[?:?]
	at java.io.BufferedInputStream.read(BufferedInputStream.java:361) ~[?:?]
	at sun.nio.cs.StreamDecoder.readBytes(StreamDecoder.java:333) ~[?:?]
	at sun.nio.cs.StreamDecoder.implRead(StreamDecoder.java:376) ~[?:?]
	at sun.nio.cs.StreamDecoder.lockedRead(StreamDecoder.java:219) ~[?:?]
	at sun.nio.cs.StreamDecoder.read(StreamDecoder.java:173) ~[?:?]
	at java.io.InputStreamReader.read(InputStreamReader.java:189) ~[?:?]
	at java.io.BufferedReader.fill(BufferedReader.java:161) ~[?:?]
	at java.io.BufferedReader.implReadLine(BufferedReader.java:371) ~[?:?]
	at java.io.BufferedReader.readLine(BufferedReader.java:348) ~[?:?]
	at java.io.BufferedReader.readLine(BufferedReader.java:437) ~[?:?]
	at afh$1.run(SourceFile:92) [server-1.19.2.jar:?]
[14:57:18] [Server thread/INFO]: Starting Minecraft server on *:25565
[14:57:18] [Server thread/INFO]: Using default channel type
[14:57:18] [Server thread/INFO]: Preparing level "world"
[14:57:18] [Server thread/INFO]: Preparing start region for dimension minecraft:overworld
[14:57:21] [Worker-Main-2/INFO]: Preparing spawn area: 0%
[14:57:21] [Worker-Main-6/INFO]: Preparing spawn area: 0%
[14:57:21] [Worker-Main-3/INFO]: Preparing spawn area: 0%
[14:57:21] [Worker-Main-6/INFO]: Preparing spawn area: 0%
[14:57:21] [Worker-Main-1/INFO]: Preparing spawn area: 0%
[14:57:21] [Worker-Main-11/INFO]: Preparing spawn area: 0%
[14:57:21] [Worker-Main-11/INFO]: Preparing spawn area: 0%
[14:57:22] [Worker-Main-1/INFO]: Preparing spawn area: 0%
[14:57:22] [Worker-Main-9/INFO]: Preparing spawn area: 56%
[14:57:23] [Server thread/INFO]: Time elapsed: 4232 ms
[14:57:23] [Server thread/INFO]: Done (4.558s)! For help, type "help"
[14:57:23] [Server thread/INFO]: Stopping server
[14:57:23] [Server thread/INFO]: Saving players
[14:57:23] [Server thread/INFO]: Saving worlds
[14:57:24] [Server thread/INFO]: Saving chunks for level 'ServerLevel[world]'/minecraft:overworld
[14:57:24] [Server thread/INFO]: Saving chunks for level 'ServerLevel[world]'/minecraft:the_nether
[14:57:24] [Server thread/INFO]: Saving chunks for level 'ServerLevel[world]'/minecraft:the_end
[14:57:24] [Server thread/INFO]: ThreadedAnvilChunkStorage (world): All chunks are saved
[14:57:24] [Server thread/INFO]: ThreadedAnvilChunkStorage (DIM-1): All chunks are saved
[14:57:24] [Server thread/INFO]: ThreadedAnvilChunkStorage (DIM1): All chunks are saved
[14:57:24] [Server thread/INFO]: ThreadedAnvilChunkStorage: All dimensions are saved
